2023-02-21 14:00:18 | [INFO]    | Discordia 2.11.2
2023-02-21 14:00:18 | [INFO]    | Connecting to Discord...
2023-02-21 14:00:19 | [INFO]    | Authenticated as jijoツ#2384
2023-02-21 14:00:19 | [INFO]    | Launching shard 0 (1 out of 1)...
2023-02-21 14:00:19 | [INFO]    | Shard 0 : Connected to wss://gateway.discord.gg
2023-02-21 14:00:19 | [INFO]    | Shard 0 : Received HELLO
2023-02-21 14:00:20 | [INFO]    | Shard 0 : Received READY
2023-02-21 14:04:21 | [INFO]    | Discordia 2.11.2
2023-02-21 14:04:21 | [INFO]    | Connecting to Discord...
2023-02-21 14:04:21 | [INFO]    | Authenticated as jijoツ#2384
2023-02-21 14:04:21 | [INFO]    | Launching shard 0 (1 out of 1)...
2023-02-21 14:04:21 | [INFO]    | Shard 0 : Connected to wss://gateway.discord.gg
2023-02-21 14:04:21 | [INFO]    | Shard 0 : Received HELLO
2023-02-21 14:04:21 | [INFO]    | Shard 0 : Received READY
2023-02-21 14:33:13 | [INFO]    | Discordia 2.11.2
2023-02-21 14:33:13 | [INFO]    | Connecting to Discord...
2023-02-21 14:33:13 | [INFO]    | Authenticated as jijoツ#2384
2023-02-21 14:33:13 | [INFO]    | Launching shard 0 (1 out of 1)...
2023-02-21 14:33:14 | [INFO]    | Shard 0 : Connected to wss://gateway.discord.gg
2023-02-21 14:33:14 | [INFO]    | Shard 0 : Received HELLO
2023-02-21 14:33:14 | [INFO]    | Shard 0 : Received READY
2023-02-21 14:34:10 | [INFO]    | Discordia 2.11.2
2023-02-21 14:34:10 | [INFO]    | Connecting to Discord...
2023-02-21 14:34:10 | [INFO]    | Authenticated as jijoツ#2384
2023-02-21 14:34:10 | [INFO]    | Launching shard 0 (1 out of 1)...
2023-02-21 14:34:10 | [INFO]    | Shard 0 : Connected to wss://gateway.discord.gg
2023-02-21 14:34:10 | [INFO]    | Shard 0 : Received HELLO
2023-02-21 14:34:11 | [INFO]    | Shard 0 : Received READY
2023-02-21 14:36:59 | [INFO]    | Discordia 2.11.2
2023-02-21 14:36:59 | [INFO]    | Connecting to Discord...
2023-02-21 14:36:59 | [INFO]    | Authenticated as jijoツ#2384
2023-02-21 14:36:59 | [INFO]    | Launching shard 0 (1 out of 1)...
2023-02-21 14:36:59 | [INFO]    | Shard 0 : Connected to wss://gateway.discord.gg
2023-02-21 14:36:59 | [INFO]    | Shard 0 : Received HELLO
2023-02-21 14:37:00 | [INFO]    | Shard 0 : Received READY
2023-02-21 14:44:40 | [INFO]    | Discordia 2.11.2
2023-02-21 14:44:40 | [INFO]    | Connecting to Discord...
2023-02-21 14:44:40 | [INFO]    | Authenticated as jijoツ#2384
2023-02-21 14:44:40 | [INFO]    | Launching shard 0 (1 out of 1)...
2023-02-21 14:44:40 | [INFO]    | Shard 0 : Connected to wss://gateway.discord.gg
2023-02-21 14:44:40 | [INFO]    | Shard 0 : Received HELLO
2023-02-21 14:44:40 | [INFO]    | Shard 0 : Received READY
2023-02-21 14:45:37 | [INFO]    | Discordia 2.11.2
2023-02-21 14:45:37 | [INFO]    | Connecting to Discord...
2023-02-21 14:45:37 | [INFO]    | Authenticated as jijoツ#2384
2023-02-21 14:45:37 | [INFO]    | Launching shard 0 (1 out of 1)...
2023-02-21 14:45:37 | [INFO]    | Shard 0 : Connected to wss://gateway.discord.gg
2023-02-21 14:45:37 | [INFO]    | Shard 0 : Received HELLO
2023-02-21 14:45:38 | [INFO]    | Shard 0 : Received READY
2023-02-21 14:46:03 | [INFO]    | Discordia 2.11.2
2023-02-21 14:46:03 | [INFO]    | Connecting to Discord...
2023-02-21 14:46:03 | [INFO]    | Authenticated as jijoツ#2384
2023-02-21 14:46:03 | [INFO]    | Launching shard 0 (1 out of 1)...
2023-02-21 14:46:04 | [INFO]    | Shard 0 : Connected to wss://gateway.discord.gg
2023-02-21 14:46:04 | [INFO]    | Shard 0 : Received HELLO
2023-02-21 14:46:04 | [INFO]    | Shard 0 : Received READY
2023-02-21 14:47:36 | [INFO]    | Discordia 2.11.2
2023-02-21 14:47:36 | [INFO]    | Connecting to Discord...
2023-02-21 14:47:37 | [INFO]    | Authenticated as jijoツ#2384
2023-02-21 14:47:37 | [INFO]    | Launching shard 0 (1 out of 1)...
2023-02-21 14:47:37 | [INFO]    | Shard 0 : Connected to wss://gateway.discord.gg
2023-02-21 14:47:37 | [INFO]    | Shard 0 : Received HELLO
2023-02-21 14:47:37 | [INFO]    | Shard 0 : Received READY
2023-02-21 14:48:27 | [INFO]    | Discordia 2.11.2
2023-02-21 14:48:27 | [INFO]    | Connecting to Discord...
2023-02-21 14:48:27 | [INFO]    | Authenticated as jijoツ#2384
2023-02-21 14:48:27 | [INFO]    | Launching shard 0 (1 out of 1)...
2023-02-21 14:48:27 | [INFO]    | Shard 0 : Connected to wss://gateway.discord.gg
2023-02-21 14:48:27 | [INFO]    | Shard 0 : Received HELLO
2023-02-21 14:48:28 | [INFO]    | Shard 0 : Received READY
2023-02-21 14:49:22 | [INFO]    | Discordia 2.11.2
2023-02-21 14:49:22 | [INFO]    | Connecting to Discord...
2023-02-21 14:49:22 | [ERROR]   | Could not authenticate, check token: C:/Users/Silvio/Documents/bot/deps/coro-http.lua:75: EAI_NONAME
2023-02-21 14:49:31 | [INFO]    | Discordia 2.11.2
2023-02-21 14:49:31 | [INFO]    | Connecting to Discord...
2023-02-21 14:49:31 | [ERROR]   | Could not authenticate, check token: C:/Users/Silvio/Documents/bot/deps/coro-http.lua:75: EAI_NONAME
2023-02-21 14:49:48 | [INFO]    | Discordia 2.11.2
2023-02-21 14:49:48 | [INFO]    | Connecting to Discord...
2023-02-21 14:49:48 | [INFO]    | Authenticated as jijoツ#2384
2023-02-21 14:49:48 | [INFO]    | Launching shard 0 (1 out of 1)...
2023-02-21 14:49:49 | [INFO]    | Shard 0 : Connected to wss://gateway.discord.gg
2023-02-21 14:49:49 | [INFO]    | Shard 0 : Received HELLO
2023-02-21 14:49:49 | [INFO]    | Shard 0 : Received READY
2023-02-21 14:51:54 | [INFO]    | Discordia 2.11.2
2023-02-21 14:51:54 | [INFO]    | Connecting to Discord...
2023-02-21 14:51:55 | [INFO]    | Authenticated as jijoツ#2384
2023-02-21 14:51:55 | [INFO]    | Launching shard 0 (1 out of 1)...
2023-02-21 14:51:55 | [INFO]    | Shard 0 : Connected to wss://gateway.discord.gg
2023-02-21 14:51:55 | [INFO]    | Shard 0 : Received HELLO
2023-02-21 14:51:55 | [INFO]    | Shard 0 : Received READY
2023-02-21 14:53:24 | [INFO]    | Discordia 2.11.2
2023-02-21 14:53:24 | [INFO]    | Connecting to Discord...
2023-02-21 14:53:24 | [INFO]    | Authenticated as jijoツ#2384
2023-02-21 14:53:24 | [INFO]    | Launching shard 0 (1 out of 1)...
2023-02-21 14:53:24 | [INFO]    | Shard 0 : Connected to wss://gateway.discord.gg
2023-02-21 14:53:24 | [INFO]    | Shard 0 : Received HELLO
2023-02-21 14:53:25 | [INFO]    | Shard 0 : Received READY
2023-02-21 14:57:29 | [INFO]    | Discordia 2.11.2
2023-02-21 14:57:29 | [INFO]    | Connecting to Discord...
2023-02-21 14:57:29 | [ERROR]   | 401 - Unauthorized : GET https://discord.com/api/v8/users/@me
2023-02-21 14:57:29 | [ERROR]   | Could not authenticate, check token: HTTP Error 0 : 401: Unauthorized
2023-02-21 14:57:41 | [INFO]    | Discordia 2.11.2
2023-02-21 14:57:41 | [INFO]    | Connecting to Discord...
2023-02-21 14:57:41 | [ERROR]   | 401 - Unauthorized : GET https://discord.com/api/v8/users/@me
2023-02-21 14:57:41 | [ERROR]   | Could not authenticate, check token: HTTP Error 0 : 401: Unauthorized
2023-02-21 14:58:27 | [INFO]    | Discordia 2.11.2
2023-02-21 14:58:27 | [INFO]    | Connecting to Discord...
2023-02-21 14:58:28 | [INFO]    | Authenticated as jijoツ#2384
2023-02-21 14:58:28 | [INFO]    | Launching shard 0 (1 out of 1)...
2023-02-21 14:58:28 | [INFO]    | Shard 0 : Connected to wss://gateway.discord.gg
2023-02-21 14:58:28 | [INFO]    | Shard 0 : Received HELLO
2023-02-21 14:58:28 | [INFO]    | Shard 0 : Received READY
2023-02-21 14:58:47 | [INFO]    | Discordia 2.11.2
2023-02-21 14:58:47 | [INFO]    | Connecting to Discord...
2023-02-21 14:58:47 | [INFO]    | Authenticated as jijoツ#2384
2023-02-21 14:58:47 | [INFO]    | Launching shard 0 (1 out of 1)...
2023-02-21 14:58:48 | [INFO]    | Shard 0 : Connected to wss://gateway.discord.gg
2023-02-21 14:58:48 | [INFO]    | Shard 0 : Received HELLO
2023-02-21 14:58:48 | [INFO]    | Shard 0 : Received READY
2023-02-21 15:01:10 | [INFO]    | Discordia 2.11.2
2023-02-21 15:01:10 | [INFO]    | Connecting to Discord...
2023-02-21 15:01:10 | [INFO]    | Authenticated as jijoツ#2384
2023-02-21 15:01:10 | [INFO]    | Launching shard 0 (1 out of 1)...
2023-02-21 15:01:10 | [INFO]    | Shard 0 : Connected to wss://gateway.discord.gg
2023-02-21 15:01:10 | [INFO]    | Shard 0 : Received HELLO
2023-02-21 15:01:11 | [INFO]    | Shard 0 : Received READY
2023-02-21 15:02:44 | [INFO]    | Discordia 2.11.2
2023-02-21 15:02:44 | [INFO]    | Connecting to Discord...
2023-02-21 15:02:44 | [INFO]    | Authenticated as jijoツ#2384
2023-02-21 15:02:44 | [INFO]    | Launching shard 0 (1 out of 1)...
2023-02-21 15:02:45 | [INFO]    | Shard 0 : Connected to wss://gateway.discord.gg
2023-02-21 15:02:45 | [INFO]    | Shard 0 : Received HELLO
2023-02-21 15:02:45 | [INFO]    | Shard 0 : Received READY
2023-02-21 15:03:58 | [INFO]    | Discordia 2.11.2
2023-02-21 15:03:58 | [INFO]    | Connecting to Discord...
2023-02-21 15:03:58 | [INFO]    | Authenticated as jijoツ#2384
2023-02-21 15:03:58 | [INFO]    | Launching shard 0 (1 out of 1)...
2023-02-21 15:03:59 | [INFO]    | Shard 0 : Connected to wss://gateway.discord.gg
2023-02-21 15:03:59 | [INFO]    | Shard 0 : Received HELLO
2023-02-21 15:03:59 | [INFO]    | Shard 0 : Received READY
2023-02-21 15:04:19 | [INFO]    | Discordia 2.11.2
2023-02-21 15:04:19 | [INFO]    | Connecting to Discord...
2023-02-21 15:04:20 | [INFO]    | Authenticated as jijoツ#2384
2023-02-21 15:04:20 | [INFO]    | Launching shard 0 (1 out of 1)...
2023-02-21 15:04:20 | [INFO]    | Shard 0 : Connected to wss://gateway.discord.gg
2023-02-21 15:04:20 | [INFO]    | Shard 0 : Received HELLO
2023-02-21 15:04:20 | [INFO]    | Shard 0 : Received READY
2023-02-21 15:04:55 | [INFO]    | Discordia 2.11.2
2023-02-21 15:04:56 | [INFO]    | Connecting to Discord...
2023-02-21 15:04:56 | [INFO]    | Authenticated as jijoツ#2384
2023-02-21 15:04:56 | [INFO]    | Launching shard 0 (1 out of 1)...
2023-02-21 15:04:57 | [INFO]    | Shard 0 : Connected to wss://gateway.discord.gg
2023-02-21 15:04:57 | [INFO]    | Shard 0 : Received HELLO
2023-02-21 15:04:57 | [INFO]    | Shard 0 : Received READY
2023-02-21 15:07:10 | [INFO]    | Discordia 2.11.2
2023-02-21 15:07:10 | [INFO]    | Connecting to Discord...
2023-02-21 15:07:10 | [INFO]    | Authenticated as jijoツ#2384
2023-02-21 15:07:10 | [INFO]    | Launching shard 0 (1 out of 1)...
2023-02-21 15:07:10 | [INFO]    | Shard 0 : Connected to wss://gateway.discord.gg
2023-02-21 15:07:10 | [INFO]    | Shard 0 : Received HELLO
2023-02-21 15:07:11 | [INFO]    | Shard 0 : Received READY
2023-02-21 15:11:09 | [INFO]    | Discordia 2.11.2
2023-02-21 15:11:09 | [INFO]    | Connecting to Discord...
2023-02-21 15:11:10 | [INFO]    | Authenticated as jijoツ#2384
2023-02-21 15:11:10 | [INFO]    | Launching shard 0 (1 out of 1)...
2023-02-21 15:11:10 | [INFO]    | Shard 0 : Connected to wss://gateway.discord.gg
2023-02-21 15:11:10 | [INFO]    | Shard 0 : Received HELLO
2023-02-21 15:11:10 | [INFO]    | Shard 0 : Received READY
2023-02-21 15:13:51 | [INFO]    | Discordia 2.11.2
2023-02-21 15:13:51 | [INFO]    | Connecting to Discord...
2023-02-21 15:13:52 | [INFO]    | Authenticated as jijoツ#2384
2023-02-21 15:13:52 | [INFO]    | Launching shard 0 (1 out of 1)...
2023-02-21 15:13:53 | [INFO]    | Shard 0 : Connected to wss://gateway.discord.gg
2023-02-21 15:13:53 | [INFO]    | Shard 0 : Received HELLO
2023-02-21 15:13:53 | [INFO]    | Shard 0 : Received READY
2023-02-21 15:15:18 | [INFO]    | Discordia 2.11.2
2023-02-21 15:15:18 | [INFO]    | Connecting to Discord...
2023-02-21 15:15:19 | [INFO]    | Authenticated as jijoツ#2384
2023-02-21 15:15:19 | [INFO]    | Launching shard 0 (1 out of 1)...
2023-02-21 15:15:19 | [INFO]    | Shard 0 : Connected to wss://gateway.discord.gg
2023-02-21 15:15:19 | [INFO]    | Shard 0 : Received HELLO
2023-02-21 15:15:19 | [INFO]    | Shard 0 : Received READY
2023-02-21 15:15:54 | [INFO]    | Discordia 2.11.2
2023-02-21 15:15:54 | [INFO]    | Connecting to Discord...
2023-02-21 15:15:54 | [INFO]    | Authenticated as jijoツ#2384
2023-02-21 15:15:54 | [INFO]    | Launching shard 0 (1 out of 1)...
2023-02-21 15:15:54 | [INFO]    | Shard 0 : Connected to wss://gateway.discord.gg
2023-02-21 15:15:54 | [INFO]    | Shard 0 : Received HELLO
2023-02-21 15:15:55 | [INFO]    | Shard 0 : Received READY
2023-02-21 15:18:03 | [INFO]    | Discordia 2.11.2
2023-02-21 15:18:03 | [INFO]    | Connecting to Discord...
2023-02-21 15:18:03 | [INFO]    | Authenticated as jijoツ#2384
2023-02-21 15:18:03 | [INFO]    | Launching shard 0 (1 out of 1)...
2023-02-21 15:18:03 | [INFO]    | Shard 0 : Connected to wss://gateway.discord.gg
2023-02-21 15:18:03 | [INFO]    | Shard 0 : Received HELLO
2023-02-21 15:18:04 | [INFO]    | Shard 0 : Received READY
2023-02-21 15:21:28 | [INFO]    | Discordia 2.11.2
2023-02-21 15:21:28 | [INFO]    | Connecting to Discord...
2023-02-21 15:21:28 | [INFO]    | Authenticated as jijoツ#2384
2023-02-21 15:21:28 | [INFO]    | Launching shard 0 (1 out of 1)...
2023-02-21 15:21:28 | [INFO]    | Shard 0 : Connected to wss://gateway.discord.gg
2023-02-21 15:21:28 | [INFO]    | Shard 0 : Received HELLO
2023-02-21 15:21:29 | [INFO]    | Shard 0 : Received READY
